<?xml version="1.0" encoding="UTF-8"?>
<!-- Generated by org.testng.reporters.JUnitReportReporter -->
<testsuite hostname="DESKTOP-5DB6H55" failures="0" tests="1" name="E2EcargoProject.kk" time="0.447" errors="1" timestamp="2021-08-17T13:12:06 IST" skipped="0">
  <testcase classname="E2EcargoProject.kk" name="signIn" time="0.447">
    <error message="
[public void E2EcargoProject.kk.signIn(java.lang.String,java.lang.String)] has no parameters defined but was found to be using a data provider (either explicitly specified or inherited from class level annotation).
Data provider mismatch
Method: signIn([Parameter{index=0, type=java.lang.String, declaredAnnotations=[]}, Parameter{index=1, type=java.lang.String, declaredAnnotations=[]}])
Arguments: [(java.lang.String) sky.admin,(java.lang.String) Skyadmin1!,(java.lang.String) 077,(java.lang.Integer) 65565570,(java.lang.String) 077-1214-1220,(java.lang.String) TESTAGENT,(java.lang.String) CGN,(java.lang.String) TLV,(java.lang.String) TLV,(java.lang.String) DXB,(java.lang.Integer) 15,(java.lang.Integer) 125,(java.lang.Integer) 0,(java.lang.String) CARGO,(java.lang.String) AVI,,(java.lang.Integer) 44418,(java.lang.String) MS5252,(java.lang.String) MS6262,(java.lang.Integer) 44416,(java.lang.Integer) 44416,(java.lang.String) CGNUPS,(java.lang.String) General Cargo,(java.lang.String) K,(java.lang.String) Being Processed,(java.lang.String) Booking Confirmation ,(java.lang.Integer) 312,(java.lang.Integer) 312,(java.lang.Integer) 600,(java.lang.Integer) 912,(java.lang.String) TESTSHIPPER,(java.lang.String) TESTCONSIGNEE,(java.lang.String) Test for Account Info,(java.lang.String) Test for Handling Info,(java.lang.Integer) 618,(java.lang.Integer) 912,(java.lang.Integer) 0,(java.lang.Integer) 912,(java.lang.Integer) 618,(java.lang.Integer) 18,(java.lang.String) 312.50   (50.51%)]" type="org.testng.internal.reflect.MethodMatcherException">
      <![CDATA[org.testng.internal.reflect.MethodMatcherException: 
[public void E2EcargoProject.kk.signIn(java.lang.String,java.lang.String)] has no parameters defined but was found to be using a data provider (either explicitly specified or inherited from class level annotation).
Data provider mismatch
Method: signIn([Parameter{index=0, type=java.lang.String, declaredAnnotations=[]}, Parameter{index=1, type=java.lang.String, declaredAnnotations=[]}])
Arguments: [(java.lang.String) sky.admin,(java.lang.String) Skyadmin1!,(java.lang.String) 077,(java.lang.Integer) 65565570,(java.lang.String) 077-1214-1220,(java.lang.String) TESTAGENT,(java.lang.String) CGN,(java.lang.String) TLV,(java.lang.String) TLV,(java.lang.String) DXB,(java.lang.Integer) 15,(java.lang.Integer) 125,(java.lang.Integer) 0,(java.lang.String) CARGO,(java.lang.String) AVI,,(java.lang.Integer) 44418,(java.lang.String) MS5252,(java.lang.String) MS6262,(java.lang.Integer) 44416,(java.lang.Integer) 44416,(java.lang.String) CGNUPS,(java.lang.String) General Cargo,(java.lang.String) K,(java.lang.String) Being Processed,(java.lang.String) Booking Confirmation ,(java.lang.Integer) 312,(java.lang.Integer) 312,(java.lang.Integer) 600,(java.lang.Integer) 912,(java.lang.String) TESTSHIPPER,(java.lang.String) TESTCONSIGNEE,(java.lang.String) Test for Account Info,(java.lang.String) Test for Handling Info,(java.lang.Integer) 618,(java.lang.Integer) 912,(java.lang.Integer) 0,(java.lang.Integer) 912,(java.lang.Integer) 618,(java.lang.Integer) 18,(java.lang.String) 312.50   (50.51%)]
at org.testng.internal.reflect.DataProviderMethodMatcher.getConformingArguments(DataProviderMethodMatcher.java:43)
at org.testng.internal.Parameters.injectParameters(Parameters.java:914)
at org.testng.internal.MethodRunner.runInSequence(MethodRunner.java:34)
at org.testng.internal.TestInvoker$MethodInvocationAgent.invoke(TestInvoker.java:824)
at org.testng.internal.TestInvoker.invokeTestMethods(TestInvoker.java:146)
at org.testng.internal.TestMethodWorker.invokeTestMethods(TestMethodWorker.java:146)
at org.testng.internal.TestMethodWorker.run(TestMethodWorker.java:128)
at java.base/java.util.ArrayList.forEach(ArrayList.java:1511)
at org.testng.TestRunner.privateRun(TestRunner.java:794)
at org.testng.TestRunner.run(TestRunner.java:596)
at org.testng.SuiteRunner.runTest(SuiteRunner.java:377)
at org.testng.SuiteRunner.runSequentially(SuiteRunner.java:371)
at org.testng.SuiteRunner.privateRun(SuiteRunner.java:332)
at org.testng.SuiteRunner.run(SuiteRunner.java:276)
at org.testng.SuiteRunnerWorker.runSuite(SuiteRunnerWorker.java:53)
at org.testng.SuiteRunnerWorker.run(SuiteRunnerWorker.java:96)
at org.testng.TestNG.runSuitesSequentially(TestNG.java:1212)
at org.testng.TestNG.runSuitesLocally(TestNG.java:1134)
at org.testng.TestNG.runSuites(TestNG.java:1063)
at org.testng.TestNG.run(TestNG.java:1031)
at org.testng.remote.AbstractRemoteTestNG.run(AbstractRemoteTestNG.java:115)
at org.testng.remote.RemoteTestNG.initAndRun(RemoteTestNG.java:251)
at org.testng.remote.RemoteTestNG.main(RemoteTestNG.java:77)
]]>
    </error>
  </testcase> <!-- signIn -->
  <system-out/>
</testsuite> <!-- E2EcargoProject.kk -->
